28.10.2024 19:11:18-debug: start **** info
28.10.2024 19:11:19-log: Cannot access game frame or container.
28.10.2024 19:11:19-debug: asset-db:require-engine-code (815ms)
28.10.2024 19:11:19-log: meshopt wasm decoder initialized
28.10.2024 19:11:19-log: [box2d]:box2d wasm lib loaded.
28.10.2024 19:11:19-log: [bullet]:bullet wasm lib loaded.
28.10.2024 19:11:19-log: Cocos Creator v3.8.4
28.10.2024 19:11:19-log: Forward render pipeline initialized.
28.10.2024 19:11:19-debug: [Assets Memory track]: asset-db:worker-init: initEngine start:28.90MB, end 81.55MB, increase: 52.66MB
28.10.2024 19:11:19-log: Using legacy pipeline
28.10.2024 19:11:21-debug: [Assets Memory track]: asset-db-plugin-register: builder start:85.75MB, end 170.92MB, increase: 85.17MB
28.10.2024 19:11:21-debug: [Assets Memory track]: asset-db-plugin-register: project start:82.25MB, end 174.28MB, increase: 92.03MB
28.10.2024 19:11:20-debug: [Assets Memory track]: asset-db-plugin-register: programming start:82.38MB, end 85.72MB, increase: 3.34MB
28.10.2024 19:11:21-debug: [Assets Memory track]: asset-db:worker-init: initPlugin start:81.57MB, end 174.31MB, increase: 92.74MB
28.10.2024 19:11:21-debug: [Assets Memory track]: asset-db-plugin-register: engine-extends start:171.21MB, end 174.22MB, increase: 3.01MB
28.10.2024 19:11:21-debug: run package(cocos-service) handler(enable) start
28.10.2024 19:11:21-debug: run package(cocos-service) handler(enable) success!
28.10.2024 19:11:21-debug: run package(im-plugin) handler(enable) start
28.10.2024 19:11:21-debug: run package(placeholder) handler(enable) start
28.10.2024 19:11:21-debug: run package(placeholder) handler(enable) success!
28.10.2024 19:11:21-debug: asset-db:worker-init: initPlugin (1507ms)
28.10.2024 19:11:21-debug: run package(im-plugin) handler(enable) success!
28.10.2024 19:11:21-debug: Run asset db hook programming:beforePreStart success!
28.10.2024 19:11:21-debug: [Assets Memory track]: asset-db:worker-init start:28.89MB, end 174.55MB, increase: 145.66MB
28.10.2024 19:11:21-debug: Run asset db hook engine-extends:beforePreStart ...
28.10.2024 19:11:21-debug: Run asset db hook engine-extends:beforePreStart success!
28.10.2024 19:11:21-debug: Run asset db hook programming:beforePreStart ...
28.10.2024 19:11:21-debug: asset-db:worker-init (2829ms)
28.10.2024 19:11:21-debug: asset-db-hook-programming-beforePreStart (103ms)
28.10.2024 19:11:21-debug: asset-db-hook-engine-extends-beforePreStart (103ms)
28.10.2024 19:11:21-debug: Preimport db internal success
28.10.2024 19:11:21-debug: Preimport db assets success
28.10.2024 19:11:21-debug: Run asset db hook programming:afterPreStart ...
28.10.2024 19:11:21-debug: starting packer-driver...
28.10.2024 19:11:21-debug: initialize scripting environment...
28.10.2024 19:11:21-debug: Set detail map pack:///resolution-detail-map.json: {}
28.10.2024 19:11:21-debug: Run asset db hook programming:afterPreStart success!
28.10.2024 19:11:21-debug: Run asset db hook engine-extends:afterPreStart success!
28.10.2024 19:11:21-debug: Start up the 'internal' database...
28.10.2024 19:11:21-debug: Run asset db hook engine-extends:afterPreStart ...
28.10.2024 19:11:22-debug: asset-db-hook-programming-afterPreStart (716ms)
28.10.2024 19:11:22-debug: asset-db:worker-effect-data-processing (278ms)
28.10.2024 19:11:22-debug: asset-db-hook-engine-extends-afterPreStart (278ms)
28.10.2024 19:11:22-debug: [Assets Memory track]: asset-db:worker-startup-database[internal] start:174.65MB, end 187.11MB, increase: 12.45MB
28.10.2024 19:11:22-debug: Start up the 'assets' database...
28.10.2024 19:11:22-debug: asset-db:worker-startup-database[internal] (963ms)
28.10.2024 19:11:22-debug: [Assets Memory track]: asset-db:worker-startup-database[assets] start:175.42MB, end 185.56MB, increase: 10.14MB
28.10.2024 19:11:22-debug: lazy register asset handler *
28.10.2024 19:11:22-debug: [Assets Memory track]: asset-db:worker-init: startup start:172.26MB, end 185.58MB, increase: 13.32MB
28.10.2024 19:11:22-debug: lazy register asset handler json
28.10.2024 19:11:22-debug: lazy register asset handler directory
28.10.2024 19:11:22-debug: lazy register asset handler dragonbones
28.10.2024 19:11:22-debug: lazy register asset handler dragonbones-atlas
28.10.2024 19:11:22-debug: lazy register asset handler spine-data
28.10.2024 19:11:22-debug: lazy register asset handler terrain
28.10.2024 19:11:22-debug: lazy register asset handler javascript
28.10.2024 19:11:22-debug: lazy register asset handler typescript
28.10.2024 19:11:22-debug: lazy register asset handler text
28.10.2024 19:11:22-debug: lazy register asset handler prefab
28.10.2024 19:11:22-debug: lazy register asset handler tiled-map
28.10.2024 19:11:22-debug: lazy register asset handler sprite-frame
28.10.2024 19:11:22-debug: lazy register asset handler scene
28.10.2024 19:11:22-debug: lazy register asset handler buffer
28.10.2024 19:11:22-debug: lazy register asset handler image
28.10.2024 19:11:22-debug: lazy register asset handler texture-cube
28.10.2024 19:11:22-debug: lazy register asset handler alpha-image
28.10.2024 19:11:22-debug: lazy register asset handler erp-texture-cube
28.10.2024 19:11:22-debug: lazy register asset handler sign-image
28.10.2024 19:11:22-debug: lazy register asset handler texture
28.10.2024 19:11:22-debug: lazy register asset handler texture-cube-face
28.10.2024 19:11:22-debug: lazy register asset handler render-texture
28.10.2024 19:11:22-debug: lazy register asset handler rt-sprite-frame
28.10.2024 19:11:22-debug: lazy register asset handler gltf-mesh
28.10.2024 19:11:22-debug: lazy register asset handler gltf
28.10.2024 19:11:22-debug: lazy register asset handler gltf-animation
28.10.2024 19:11:22-debug: lazy register asset handler gltf-skeleton
28.10.2024 19:11:22-debug: lazy register asset handler gltf-material
28.10.2024 19:11:22-debug: lazy register asset handler gltf-embeded-image
28.10.2024 19:11:22-debug: lazy register asset handler material
28.10.2024 19:11:22-debug: lazy register asset handler gltf-scene
28.10.2024 19:11:22-debug: lazy register asset handler physics-material
28.10.2024 19:11:22-debug: lazy register asset handler effect
28.10.2024 19:11:22-debug: lazy register asset handler effect-header
28.10.2024 19:11:22-debug: lazy register asset handler fbx
28.10.2024 19:11:22-debug: lazy register asset handler audio-clip
28.10.2024 19:11:22-debug: lazy register asset handler animation-graph
28.10.2024 19:11:22-debug: lazy register asset handler animation-graph-variant
28.10.2024 19:11:22-debug: lazy register asset handler animation-mask
28.10.2024 19:11:22-debug: lazy register asset handler animation-clip
28.10.2024 19:11:22-debug: lazy register asset handler bitmap-font
28.10.2024 19:11:22-debug: lazy register asset handler particle
28.10.2024 19:11:22-debug: lazy register asset handler sprite-atlas
28.10.2024 19:11:22-debug: lazy register asset handler auto-atlas
28.10.2024 19:11:22-debug: lazy register asset handler label-atlas
28.10.2024 19:11:22-debug: lazy register asset handler render-pipeline
28.10.2024 19:11:22-debug: lazy register asset handler render-stage
28.10.2024 19:11:22-debug: lazy register asset handler render-flow
28.10.2024 19:11:22-debug: lazy register asset handler ttf-font
28.10.2024 19:11:22-debug: lazy register asset handler instantiation-material
28.10.2024 19:11:22-debug: lazy register asset handler instantiation-animation
28.10.2024 19:11:22-debug: lazy register asset handler instantiation-mesh
28.10.2024 19:11:22-debug: lazy register asset handler instantiation-skeleton
28.10.2024 19:11:22-debug: lazy register asset handler video-clip
28.10.2024 19:11:22-debug: asset-db:worker-startup-database[assets] (884ms)
28.10.2024 19:11:22-debug: asset-db:start-database (1029ms)
28.10.2024 19:11:22-debug: asset-db:ready (6867ms)
28.10.2024 19:11:22-debug: init worker message success
28.10.2024 19:11:22-debug: programming:execute-script (7ms)
28.10.2024 19:11:22-debug: [Build Memory track]: builder:worker-init start:189.27MB, end 197.11MB, increase: 7.84MB
28.10.2024 19:11:23-debug: builder:worker-init (975ms)
28.10.2024 19:11:23-debug: Query all assets info in project
28.10.2024 19:11:23-debug: init custom config: keepNodeUuid: false, useCache: true
28.10.2024 19:11:23-debug: Query asset bundle start, progress: 0%
28.10.2024 19:11:23-debug: // ---- build task Query asset bundle ----
28.10.2024 19:11:23-debug: Query preload assets/scripts from cc.config.json: 60f7195c-ec2a-45eb-ba94-8955f60e81d0,1c02ae6f-4492-4915-b8f8-7492a3b1e4cd,810e96e4-e456-4468-9b59-f4e8f39732c0,efe8e2a3-eace-427b-b4f1-cb8a937ec77d,e9aa9a3e-5b2b-4ac7-a2c7-073de2b2b24f,8bbdbcdd-5cd4-4100-b6d5-b7c9625b6107,50f4348b-c883-4e2f-8f11-ce233b859fa1,fda095cb-831d-4601-ad94-846013963de8,f92806d7-1768-443f-afe8-12bcde84d0f0,dd3a144d-ab7f-41f0-82b8-2e43a090d496,f0416e68-0200-4b77-a926-4f9d16e494da,970b0598-bcb0-4714-91fb-2e81440dccd8,bcd64cc6-2dd9-43f6-abbe-66318d332032,d930590d-bb92-4cc8-8bd1-23cd027f9edf,a3cd009f-0ab0-420d-9278-b9fdab939bbc,6a2d0734-bd9e-4ddf-946e-caa52498cb75,c27215d8-6835-4b68-bfbb-bdeac6100c04,b5d6115f-0370-4d7c-aad3-c194cc71cf98,871c3b6c-7379-419d-bda3-794b239ab90d,ff9b0199-ce04-4cfe-86cc-6c719f08d6e4,de1c2107-70c8-4021-8459-6399f24d01c6,cbf30902-517f-40dc-af90-a550bac27cf1
28.10.2024 19:11:23-debug:   Number of all scenes: 1
28.10.2024 19:11:23-debug:   Number of all scripts: 16
28.10.2024 19:11:23-debug:   Number of other assets: 547
28.10.2024 19:11:24-debug: run build task Query asset bundle success in 9 ms√, progress: 5%
28.10.2024 19:11:24-debug: // ---- build task Query asset bundle ---- (9ms)
28.10.2024 19:11:24-debug: Query asset bundle start, progress: 5%
28.10.2024 19:11:24-debug: [Build Memory track]: Query asset bundle start:200.98MB, end 201.64MB, increase: 674.52KB
28.10.2024 19:11:24-debug: // ---- build task Query asset bundle ----
28.10.2024 19:11:24-debug: // ---- build task Query asset bundle ---- (4ms)
28.10.2024 19:11:24-debug: run build task Query asset bundle success in 4 ms√, progress: 10%
28.10.2024 19:11:24-debug: [Build Memory track]: Query asset bundle start:201.67MB, end 201.79MB, increase: 116.98KB
28.10.2024 19:11:24-debug: Sort some build options to settings.json start, progress: 10%
28.10.2024 19:11:24-debug: // ---- build task Sort some build options to settings.json ----
28.10.2024 19:11:24-debug: run build task Sort some build options to settings.json success in 2 ms√, progress: 12%
28.10.2024 19:11:24-debug: // ---- build task Sort some build options to settings.json ---- (2ms)
28.10.2024 19:11:24-debug: Fill script data to settings start, progress: 12%
28.10.2024 19:11:24-debug: // ---- build task Fill script data to settings ----
28.10.2024 19:11:24-debug: [Build Memory track]: Sort some build options to settings.json start:201.82MB, end 201.85MB, increase: 31.25KB
28.10.2024 19:11:24-debug: // ---- build task Fill script data to settings ---- (5ms)
28.10.2024 19:11:24-debug: [Build Memory track]: Fill script data to settings start:201.88MB, end 201.91MB, increase: 31.61KB
28.10.2024 19:11:24-debug: Sort some build options to settings.json start, progress: 13%
28.10.2024 19:11:24-debug: // ---- build task Sort some build options to settings.json ----
28.10.2024 19:11:24-debug: run build task Fill script data to settings success in 5 ms√, progress: 13%
28.10.2024 19:11:24-debug: // ---- build task Sort some build options to settings.json ---- (20ms)
28.10.2024 19:11:24-debug: run build task Sort some build options to settings.json success in 20 ms√, progress: 15%
28.10.2024 19:11:24-debug: [Build Memory track]: Sort some build options to settings.json start:201.94MB, end 202.07MB, increase: 133.26KB
28.10.2024 19:11:25-debug: Query all assets info in project
28.10.2024 19:11:25-debug: init custom config: keepNodeUuid: false, useCache: true
28.10.2024 19:11:25-debug: Query asset bundle start, progress: 0%
28.10.2024 19:11:25-debug: // ---- build task Query asset bundle ----
28.10.2024 19:11:25-debug: Query preload assets/scripts from cc.config.json: 60f7195c-ec2a-45eb-ba94-8955f60e81d0,1c02ae6f-4492-4915-b8f8-7492a3b1e4cd,810e96e4-e456-4468-9b59-f4e8f39732c0,efe8e2a3-eace-427b-b4f1-cb8a937ec77d,e9aa9a3e-5b2b-4ac7-a2c7-073de2b2b24f,8bbdbcdd-5cd4-4100-b6d5-b7c9625b6107,50f4348b-c883-4e2f-8f11-ce233b859fa1,fda095cb-831d-4601-ad94-846013963de8,f92806d7-1768-443f-afe8-12bcde84d0f0,dd3a144d-ab7f-41f0-82b8-2e43a090d496,f0416e68-0200-4b77-a926-4f9d16e494da,970b0598-bcb0-4714-91fb-2e81440dccd8,bcd64cc6-2dd9-43f6-abbe-66318d332032,d930590d-bb92-4cc8-8bd1-23cd027f9edf,a3cd009f-0ab0-420d-9278-b9fdab939bbc,6a2d0734-bd9e-4ddf-946e-caa52498cb75,c27215d8-6835-4b68-bfbb-bdeac6100c04,b5d6115f-0370-4d7c-aad3-c194cc71cf98,871c3b6c-7379-419d-bda3-794b239ab90d,ff9b0199-ce04-4cfe-86cc-6c719f08d6e4,de1c2107-70c8-4021-8459-6399f24d01c6,cbf30902-517f-40dc-af90-a550bac27cf1
28.10.2024 19:11:25-debug:   Number of all scenes: 1
28.10.2024 19:11:25-debug:   Number of all scripts: 16
28.10.2024 19:11:25-debug:   Number of other assets: 547
28.10.2024 19:11:25-debug: // ---- build task Query asset bundle ---- (6ms)
28.10.2024 19:11:25-debug: run build task Query asset bundle success in 6 ms√, progress: 5%
28.10.2024 19:11:25-debug: [Build Memory track]: Query asset bundle start:196.06MB, end 196.71MB, increase: 659.56KB
28.10.2024 19:11:25-debug: // ---- build task Query asset bundle ----
28.10.2024 19:11:25-debug: Query asset bundle start, progress: 5%
28.10.2024 19:11:25-debug: // ---- build task Query asset bundle ---- (3ms)
28.10.2024 19:11:25-debug: run build task Query asset bundle success in 3 ms√, progress: 10%
28.10.2024 19:11:25-debug: Sort some build options to settings.json start, progress: 10%
28.10.2024 19:11:25-debug: [Build Memory track]: Query asset bundle start:196.74MB, end 196.85MB, increase: 118.05KB
28.10.2024 19:11:25-debug: // ---- build task Sort some build options to settings.json ----
28.10.2024 19:11:25-debug: // ---- build task Sort some build options to settings.json ---- (2ms)
28.10.2024 19:11:25-debug: run build task Sort some build options to settings.json success in 2 ms√, progress: 12%
28.10.2024 19:11:25-debug: [Build Memory track]: Sort some build options to settings.json start:196.88MB, end 196.91MB, increase: 28.37KB
28.10.2024 19:11:25-debug: Fill script data to settings start, progress: 12%
28.10.2024 19:11:25-debug: // ---- build task Fill script data to settings ----
28.10.2024 19:11:25-debug: // ---- build task Fill script data to settings ---- (1ms)
28.10.2024 19:11:25-debug: run build task Fill script data to settings success in 1 ms√, progress: 13%
28.10.2024 19:11:25-debug: Sort some build options to settings.json start, progress: 13%
28.10.2024 19:11:25-debug: [Build Memory track]: Fill script data to settings start:196.94MB, end 196.97MB, increase: 27.79KB
28.10.2024 19:11:25-debug: // ---- build task Sort some build options to settings.json ----
28.10.2024 19:11:25-debug: // ---- build task Sort some build options to settings.json ---- (4ms)
28.10.2024 19:11:25-debug: run build task Sort some build options to settings.json success in 4 ms√, progress: 15%
28.10.2024 19:11:25-debug: [Build Memory track]: Sort some build options to settings.json start:197.01MB, end 197.14MB, increase: 133.94KB
28.10.2024 19:11:44-debug: refresh db internal success
28.10.2024 19:11:44-debug: refresh db assets success
28.10.2024 19:11:44-debug: Run asset db hook engine-extends:afterRefresh ...
28.10.2024 19:11:44-debug: Run asset db hook engine-extends:afterRefresh success!
28.10.2024 19:11:44-debug: asset-db:refresh-all-database (106ms)
28.10.2024 19:11:44-debug: asset-db:worker-effect-data-processing (1ms)
28.10.2024 19:11:44-debug: asset-db-hook-engine-extends-afterRefresh (1ms)
29.10.2024 08:26:24-debug: refresh db internal success
29.10.2024 08:26:26-debug: refresh db assets success
29.10.2024 08:26:26-debug: Run asset db hook engine-extends:afterRefresh ...
29.10.2024 08:26:26-debug: Run asset db hook engine-extends:afterRefresh success!
29.10.2024 08:26:26-debug: asset-db:refresh-all-database (2937ms)
29.10.2024 08:26:26-debug: asset-db:worker-effect-data-processing (3ms)
29.10.2024 08:26:26-debug: asset-db-hook-engine-extends-afterRefresh (3ms)
29.10.2024 09:57:58-debug: refresh db internal success
29.10.2024 09:57:58-debug: refresh db assets success
29.10.2024 09:57:58-debug: Run asset db hook engine-extends:afterRefresh ...
29.10.2024 09:57:58-debug: Run asset db hook engine-extends:afterRefresh success!
29.10.2024 09:57:58-debug: asset-db:refresh-all-database (99ms)
29.10.2024 09:57:58-debug: asset-db-hook-engine-extends-afterRefresh (1ms)
29.10.2024 09:58:19-debug: refresh db internal success
29.10.2024 09:58:19-debug: refresh db assets success
29.10.2024 09:58:19-debug: Run asset db hook engine-extends:afterRefresh ...
29.10.2024 09:58:19-debug: Run asset db hook engine-extends:afterRefresh success!
29.10.2024 09:58:19-debug: asset-db:refresh-all-database (86ms)
29.10.2024 09:58:19-debug: asset-db:worker-effect-data-processing (1ms)
29.10.2024 09:58:19-debug: asset-db-hook-engine-extends-afterRefresh (1ms)
29.10.2024 11:04:59-debug: refresh db internal success
29.10.2024 11:04:59-debug: refresh db assets success
29.10.2024 11:04:59-debug: Run asset db hook engine-extends:afterRefresh ...
29.10.2024 11:04:59-debug: Run asset db hook engine-extends:afterRefresh success!
29.10.2024 11:04:59-debug: asset-db:refresh-all-database (107ms)
29.10.2024 11:04:59-debug: asset-db:worker-effect-data-processing (2ms)
29.10.2024 11:04:59-debug: asset-db-hook-engine-extends-afterRefresh (3ms)
29.10.2024 11:15:57-debug: refresh db internal success
29.10.2024 11:15:57-debug: refresh db assets success
29.10.2024 11:15:57-debug: Run asset db hook engine-extends:afterRefresh ...
29.10.2024 11:15:57-debug: Run asset db hook engine-extends:afterRefresh success!
29.10.2024 11:15:57-debug: asset-db:refresh-all-database (89ms)
29.10.2024 13:56:23-debug: refresh db internal success
29.10.2024 13:56:23-debug: refresh db assets success
29.10.2024 13:56:23-debug: Run asset db hook engine-extends:afterRefresh ...
29.10.2024 13:56:23-debug: Run asset db hook engine-extends:afterRefresh success!
29.10.2024 13:56:23-debug: asset-db:worker-effect-data-processing (1ms)
29.10.2024 13:56:23-debug: asset-db:refresh-all-database (94ms)
29.10.2024 13:56:23-debug: asset-db-hook-engine-extends-afterRefresh (1ms)
30.10.2024 11:47:42-debug: refresh db internal success
30.10.2024 11:47:42-debug: refresh db assets success
30.10.2024 11:47:42-debug: Run asset db hook engine-extends:afterRefresh ...
30.10.2024 11:47:42-debug: Run asset db hook engine-extends:afterRefresh success!
30.10.2024 11:47:42-debug: asset-db:refresh-all-database (119ms)
30.10.2024 11:47:42-debug: asset-db:worker-effect-data-processing (3ms)
30.10.2024 11:47:42-debug: asset-db-hook-engine-extends-afterRefresh (3ms)
31.10.2024 06:05:21-debug: refresh db internal success
31.10.2024 06:05:21-debug: refresh db assets success
31.10.2024 06:05:21-debug: Run asset db hook engine-extends:afterRefresh ...
31.10.2024 06:05:21-debug: Run asset db hook engine-extends:afterRefresh success!
31.10.2024 06:05:21-debug: asset-db:refresh-all-database (121ms)
31.10.2024 06:05:21-debug: asset-db:worker-effect-data-processing (2ms)
31.10.2024 06:05:21-debug: asset-db-hook-engine-extends-afterRefresh (2ms)
31.10.2024 14:50:54-debug: refresh db internal success
31.10.2024 14:50:54-debug: refresh db assets success
31.10.2024 14:50:54-debug: Run asset db hook engine-extends:afterRefresh ...
31.10.2024 14:50:54-debug: Run asset db hook engine-extends:afterRefresh success!
31.10.2024 14:50:54-debug: asset-db:refresh-all-database (129ms)
31.10.2024 14:50:54-debug: asset-db:worker-effect-data-processing (1ms)
31.10.2024 14:50:54-debug: asset-db-hook-engine-extends-afterRefresh (2ms)
02.11.2024 13:31:32-debug: refresh db internal success
02.11.2024 13:31:32-debug: refresh db assets success
02.11.2024 13:31:32-debug: Run asset db hook engine-extends:afterRefresh ...
02.11.2024 13:31:32-debug: Run asset db hook engine-extends:afterRefresh success!
02.11.2024 13:31:32-debug: asset-db:refresh-all-database (130ms)
02.11.2024 13:31:32-debug: asset-db:worker-effect-data-processing (7ms)
02.11.2024 13:31:32-debug: asset-db-hook-engine-extends-afterRefresh (8ms)
02.11.2024 17:55:37-debug: refresh db internal success
02.11.2024 17:55:37-debug: refresh db assets success
02.11.2024 17:55:37-debug: Run asset db hook engine-extends:afterRefresh ...
02.11.2024 17:55:37-debug: Run asset db hook engine-extends:afterRefresh success!
02.11.2024 17:55:37-debug: asset-db:refresh-all-database (117ms)
02.11.2024 17:55:37-debug: asset-db:worker-effect-data-processing (2ms)
02.11.2024 17:55:37-debug: asset-db-hook-engine-extends-afterRefresh (3ms)
02.11.2024 17:56:07-debug: refresh db internal success
02.11.2024 17:56:08-debug: refresh db assets success
02.11.2024 17:56:08-debug: Run asset db hook engine-extends:afterRefresh ...
02.11.2024 17:56:08-debug: Run asset db hook engine-extends:afterRefresh success!
02.11.2024 17:56:08-debug: asset-db:refresh-all-database (159ms)
